Generated at 2017-03-09 15:42:57 +0530
Chef::Exceptions::EnclosingDirectoryDoesNotExist: template[/home/sudoers] (templateadmin::default line 10) had an error: Chef::Exceptions::EnclosingDirectoryDoesNotExist: Parent directory /home does not exist.
C:/opscode/chefdk/embedded/lib/ruby/gems/2.3.0/gems/chef-12.18.31-universal-mingw32/lib/chef/mixin/why_run.rb:240:in `run'
C:/opscode/chefdk/embedded/lib/ruby/gems/2.3.0/gems/chef-12.18.31-universal-mingw32/lib/chef/mixin/why_run.rb:321:in `block in run'
C:/opscode/chefdk/embedded/lib/ruby/gems/2.3.0/gems/chef-12.18.31-universal-mingw32/lib/chef/mixin/why_run.rb:320:in `each'
C:/opscode/chefdk/embedded/lib/ruby/gems/2.3.0/gems/chef-12.18.31-universal-mingw32/lib/chef/mixin/why_run.rb:320:in `run'
C:/opscode/chefdk/embedded/lib/ruby/gems/2.3.0/gems/chef-12.18.31-universal-mingw32/lib/chef/provider.rb:155:in `process_resource_requirements'
C:/opscode/chefdk/embedded/lib/ruby/gems/2.3.0/gems/chef-12.18.31-universal-mingw32/lib/chef/provider.rb:133:in `run_action'
C:/opscode/chefdk/embedded/lib/ruby/gems/2.3.0/gems/chef-12.18.31-universal-mingw32/lib/chef/resource.rb:622:in `run_action'
C:/opscode/chefdk/embedded/lib/ruby/gems/2.3.0/gems/chef-12.18.31-universal-mingw32/lib/chef/runner.rb:69:in `run_action'
C:/opscode/chefdk/embedded/lib/ruby/gems/2.3.0/gems/chef-12.18.31-universal-mingw32/lib/chef/runner.rb:97:in `block (2 levels) in converge'
C:/opscode/chefdk/embedded/lib/ruby/gems/2.3.0/gems/chef-12.18.31-universal-mingw32/lib/chef/runner.rb:97:in `each'
C:/opscode/chefdk/embedded/lib/ruby/gems/2.3.0/gems/chef-12.18.31-universal-mingw32/lib/chef/runner.rb:97:in `block in converge'
C:/opscode/chefdk/embedded/lib/ruby/gems/2.3.0/gems/chef-12.18.31-universal-mingw32/lib/chef/resource_collection/resource_list.rb:94:in `block in execute_each_resource'
C:/opscode/chefdk/embedded/lib/ruby/gems/2.3.0/gems/chef-12.18.31-universal-mingw32/lib/chef/resource_collection/stepable_iterator.rb:114:in `call_iterator_block'
C:/opscode/chefdk/embedded/lib/ruby/gems/2.3.0/gems/chef-12.18.31-universal-mingw32/lib/chef/resource_collection/stepable_iterator.rb:85:in `step'
C:/opscode/chefdk/embedded/lib/ruby/gems/2.3.0/gems/chef-12.18.31-universal-mingw32/lib/chef/resource_collection/stepable_iterator.rb:103:in `iterate'
C:/opscode/chefdk/embedded/lib/ruby/gems/2.3.0/gems/chef-12.18.31-universal-mingw32/lib/chef/resource_collection/stepable_iterator.rb:55:in `each_with_index'
C:/opscode/chefdk/embedded/lib/ruby/gems/2.3.0/gems/chef-12.18.31-universal-mingw32/lib/chef/resource_collection/resource_list.rb:92:in `execute_each_resource'
C:/opscode/chefdk/embedded/lib/ruby/gems/2.3.0/gems/chef-12.18.31-universal-mingw32/lib/chef/runner.rb:96:in `converge'
C:/opscode/chefdk/embedded/lib/ruby/gems/2.3.0/gems/chef-12.18.31-universal-mingw32/lib/chef/client.rb:670:in `block in converge'
C:/opscode/chefdk/embedded/lib/ruby/gems/2.3.0/gems/chef-12.18.31-universal-mingw32/lib/chef/client.rb:665:in `catch'
C:/opscode/chefdk/embedded/lib/ruby/gems/2.3.0/gems/chef-12.18.31-universal-mingw32/lib/chef/client.rb:665:in `converge'
C:/opscode/chefdk/embedded/lib/ruby/gems/2.3.0/gems/chef-12.18.31-universal-mingw32/lib/chef/client.rb:704:in `converge_and_save'
C:/opscode/chefdk/embedded/lib/ruby/gems/2.3.0/gems/chef-12.18.31-universal-mingw32/lib/chef/client.rb:284:in `run'
C:/opscode/chefdk/embedded/lib/ruby/gems/2.3.0/gems/chef-12.18.31-universal-mingw32/lib/chef/application.rb:277:in `run_with_graceful_exit_option'
C:/opscode/chefdk/embedded/lib/ruby/gems/2.3.0/gems/chef-12.18.31-universal-mingw32/lib/chef/application.rb:253:in `block in run_chef_client'
C:/opscode/chefdk/embedded/lib/ruby/gems/2.3.0/gems/chef-12.18.31-universal-mingw32/lib/chef/local_mode.rb:44:in `with_server_connectivity'
C:/opscode/chefdk/embedded/lib/ruby/gems/2.3.0/gems/chef-12.18.31-universal-mingw32/lib/chef/application.rb:236:in `run_chef_client'
C:/opscode/chefdk/embedded/lib/ruby/gems/2.3.0/gems/chef-12.18.31-universal-mingw32/lib/chef/application/client.rb:464:in `sleep_then_run_chef_client'
C:/opscode/chefdk/embedded/lib/ruby/gems/2.3.0/gems/chef-12.18.31-universal-mingw32/lib/chef/application/client.rb:451:in `block in interval_run_chef_client'
C:/opscode/chefdk/embedded/lib/ruby/gems/2.3.0/gems/chef-12.18.31-universal-mingw32/lib/chef/application/client.rb:450:in `loop'
C:/opscode/chefdk/embedded/lib/ruby/gems/2.3.0/gems/chef-12.18.31-universal-mingw32/lib/chef/application/client.rb:450:in `interval_run_chef_client'
C:/opscode/chefdk/embedded/lib/ruby/gems/2.3.0/gems/chef-12.18.31-universal-mingw32/lib/chef/application/client.rb:434:in `run_application'
C:/opscode/chefdk/embedded/lib/ruby/gems/2.3.0/gems/chef-12.18.31-universal-mingw32/lib/chef/application.rb:59:in `run'
C:/opscode/chefdk/embedded/lib/ruby/gems/2.3.0/gems/chef-12.18.31-universal-mingw32/lib/chef/application/solo.rb:226:in `run'
C:/opscode/chefdk/embedded/lib/ruby/gems/2.3.0/gems/chef-12.18.31-universal-mingw32/bin/chef-solo:25:in `<top (required)>'
C:/opscode/chefdk/bin/chef-solo:68:in `load'
C:/opscode/chefdk/bin/chef-solo:68:in `<main>'

>>>> Caused by Chef::Exceptions::EnclosingDirectoryDoesNotExist: Parent directory /home does not exist.
C:/opscode/chefdk/embedded/lib/ruby/gems/2.3.0/gems/chef-12.18.31-universal-mingw32/lib/chef/mixin/why_run.rb:240:in `run'
C:/opscode/chefdk/embedded/lib/ruby/gems/2.3.0/gems/chef-12.18.31-universal-mingw32/lib/chef/mixin/why_run.rb:321:in `block in run'
C:/opscode/chefdk/embedded/lib/ruby/gems/2.3.0/gems/chef-12.18.31-universal-mingw32/lib/chef/mixin/why_run.rb:320:in `each'
C:/opscode/chefdk/embedded/lib/ruby/gems/2.3.0/gems/chef-12.18.31-universal-mingw32/lib/chef/mixin/why_run.rb:320:in `run'
C:/opscode/chefdk/embedded/lib/ruby/gems/2.3.0/gems/chef-12.18.31-universal-mingw32/lib/chef/provider.rb:155:in `process_resource_requirements'
C:/opscode/chefdk/embedded/lib/ruby/gems/2.3.0/gems/chef-12.18.31-universal-mingw32/lib/chef/provider.rb:133:in `run_action'
C:/opscode/chefdk/embedded/lib/ruby/gems/2.3.0/gems/chef-12.18.31-universal-mingw32/lib/chef/resource.rb:622:in `run_action'
C:/opscode/chefdk/embedded/lib/ruby/gems/2.3.0/gems/chef-12.18.31-universal-mingw32/lib/chef/runner.rb:69:in `run_action'
C:/opscode/chefdk/embedded/lib/ruby/gems/2.3.0/gems/chef-12.18.31-universal-mingw32/lib/chef/runner.rb:97:in `block (2 levels) in converge'
C:/opscode/chefdk/embedded/lib/ruby/gems/2.3.0/gems/chef-12.18.31-universal-mingw32/lib/chef/runner.rb:97:in `each'
C:/opscode/chefdk/embedded/lib/ruby/gems/2.3.0/gems/chef-12.18.31-universal-mingw32/lib/chef/runner.rb:97:in `block in converge'
C:/opscode/chefdk/embedded/lib/ruby/gems/2.3.0/gems/chef-12.18.31-universal-mingw32/lib/chef/resource_collection/resource_list.rb:94:in `block in execute_each_resource'
C:/opscode/chefdk/embedded/lib/ruby/gems/2.3.0/gems/chef-12.18.31-universal-mingw32/lib/chef/resource_collection/stepable_iterator.rb:114:in `call_iterator_block'
C:/opscode/chefdk/embedded/lib/ruby/gems/2.3.0/gems/chef-12.18.31-universal-mingw32/lib/chef/resource_collection/stepable_iterator.rb:85:in `step'
C:/opscode/chefdk/embedded/lib/ruby/gems/2.3.0/gems/chef-12.18.31-universal-mingw32/lib/chef/resource_collection/stepable_iterator.rb:103:in `iterate'
C:/opscode/chefdk/embedded/lib/ruby/gems/2.3.0/gems/chef-12.18.31-universal-mingw32/lib/chef/resource_collection/stepable_iterator.rb:55:in `each_with_index'
C:/opscode/chefdk/embedded/lib/ruby/gems/2.3.0/gems/chef-12.18.31-universal-mingw32/lib/chef/resource_collection/resource_list.rb:92:in `execute_each_resource'
C:/opscode/chefdk/embedded/lib/ruby/gems/2.3.0/gems/chef-12.18.31-universal-mingw32/lib/chef/runner.rb:96:in `converge'
C:/opscode/chefdk/embedded/lib/ruby/gems/2.3.0/gems/chef-12.18.31-universal-mingw32/lib/chef/client.rb:670:in `block in converge'
C:/opscode/chefdk/embedded/lib/ruby/gems/2.3.0/gems/chef-12.18.31-universal-mingw32/lib/chef/client.rb:665:in `catch'
C:/opscode/chefdk/embedded/lib/ruby/gems/2.3.0/gems/chef-12.18.31-universal-mingw32/lib/chef/client.rb:665:in `converge'
C:/opscode/chefdk/embedded/lib/ruby/gems/2.3.0/gems/chef-12.18.31-universal-mingw32/lib/chef/client.rb:704:in `converge_and_save'
C:/opscode/chefdk/embedded/lib/ruby/gems/2.3.0/gems/chef-12.18.31-universal-mingw32/lib/chef/client.rb:284:in `run'
C:/opscode/chefdk/embedded/lib/ruby/gems/2.3.0/gems/chef-12.18.31-universal-mingw32/lib/chef/application.rb:277:in `run_with_graceful_exit_option'
C:/opscode/chefdk/embedded/lib/ruby/gems/2.3.0/gems/chef-12.18.31-universal-mingw32/lib/chef/application.rb:253:in `block in run_chef_client'
C:/opscode/chefdk/embedded/lib/ruby/gems/2.3.0/gems/chef-12.18.31-universal-mingw32/lib/chef/local_mode.rb:44:in `with_server_connectivity'
C:/opscode/chefdk/embedded/lib/ruby/gems/2.3.0/gems/chef-12.18.31-universal-mingw32/lib/chef/application.rb:236:in `run_chef_client'
C:/opscode/chefdk/embedded/lib/ruby/gems/2.3.0/gems/chef-12.18.31-universal-mingw32/lib/chef/application/client.rb:464:in `sleep_then_run_chef_client'
C:/opscode/chefdk/embedded/lib/ruby/gems/2.3.0/gems/chef-12.18.31-universal-mingw32/lib/chef/application/client.rb:451:in `block in interval_run_chef_client'
C:/opscode/chefdk/embedded/lib/ruby/gems/2.3.0/gems/chef-12.18.31-universal-mingw32/lib/chef/application/client.rb:450:in `loop'
C:/opscode/chefdk/embedded/lib/ruby/gems/2.3.0/gems/chef-12.18.31-universal-mingw32/lib/chef/application/client.rb:450:in `interval_run_chef_client'
C:/opscode/chefdk/embedded/lib/ruby/gems/2.3.0/gems/chef-12.18.31-universal-mingw32/lib/chef/application/client.rb:434:in `run_application'
C:/opscode/chefdk/embedded/lib/ruby/gems/2.3.0/gems/chef-12.18.31-universal-mingw32/lib/chef/application.rb:59:in `run'
C:/opscode/chefdk/embedded/lib/ruby/gems/2.3.0/gems/chef-12.18.31-universal-mingw32/lib/chef/application/solo.rb:226:in `run'
C:/opscode/chefdk/embedded/lib/ruby/gems/2.3.0/gems/chef-12.18.31-universal-mingw32/bin/chef-solo:25:in `<top (required)>'
C:/opscode/chefdk/bin/chef-solo:68:in `load'
C:/opscode/chefdk/bin/chef-solo:68:in `<main>'